32333435313231323334353937323334 bc4d3c9b6f187378d95d179be257e3c1
32333435313231323334353937323334 b44d3c9b6f187384d95d9b9be2dee3c1
32333435313231323334353937323334 f34d3c9b6f1873d7d95d619be26be3c1
32333435313231323334353937323334 f74d3c9b6f1873c5d95dbd9be26ce3c1
32333435313231323334353937323334 554d3c9b6f1873ffd95d3d9be2a4e3c1
32333435313231323334353937323334 484d3c9b6f187308d95d9e9be2c3e3c1
32333435313231323334353937323334 834d3c9b6f187379d95dd69be227e3c1
32333435313231323334353937323334 334d3c9b6f187396d95d5e9be28fe3c1
32333435313231323334353937323334 994d3c9b6f1873eed95df49be2aae3c1
32333435313231323334353937323334 564d3c9b6f1873cbd95d7f9be2d8e3c1
32333435313231323334353937323334 184d3c9b6f1873e3d95dc69be2fce3c1
32333435313231323334353937323334 4d4d3c9b6f1873efd95d769be280e3c1
32333435313231323334353937323334 384d3c9b6f1873e9d95d6a9be204e3c1
32333435313231323334353937323334 7c4d3c9b6f187393d95d999be274e3c1
32333435313231323334353937323334 1d4d3c9b6f18739dd95da59be25ae3c1
32333435313231323334353937323334 3c4d3c9b6f187348d95d379be22ee3c1
32333435313231323334353937323334 444d3c9b6f1873b7d95d9f9be270e3c1
32333435313231323334353937323334 c14d3c9b6f187311d95db39be20ee3c1
32333435313231323334353937323334 5e4d3c9b6f18731ed95dbb9be28ee3c1
32333435313231323334353937323334 fa4d3c9b6f187304d95d929be2e0e3c1
32333435313231323334353937323334 a74d3c9b6f18736bd95dec9be2a9e3c1
32333435313231323334353937323334 3e4d3c9b6f187383d95d549be24ee3c1
32333435313231323334353937323334 f94d3c9b6f1873e0d95dcb9be247e3c1
32333435313231323334353937323334 124d3c9b6f187362d95d679be27be3c1
32333435313231323334353937323334 074d3c9b6f1873bfd95d439be264e3c1
32333435313231323334353937323334 e94d3c9b6f187351d95d7a9be2bbe3c1
32333435313231323334353937323334 d74d3c9b6f187394d95d4e9be2bee3c1
32333435313231323334353937323334 6e4d3c9b6f1873c7d95d6b9be29ee3c1
32333435313231323334353937323334 854d3c9b6f187360d95ddb9be2cee3c1
32333435313231323334353937323334 aa4d3c9b6f1873c0d95dc89be234e3c1
32333435313231323334353937323334 414d3c9b6f1873a9d95de69be2d5e3c1
32333435313231323334353937323334 524d3c9b6f1873acd95db59be272e3c1
32333435313231323334353937323334 b94d3c9b6f18731bd95d409be287e3c1
32333435313231323334353937323334 934d3c9b6f1873a1d95df99be2a2e3c1
32333435313231323334353937323334 c44d3c9b6f187399d95d089be27ee3c1
32333435313231323334353937323334 8d4d3c9b6f1873e4d95d389be25ce3c1
32333435313231323334353937323334 1c4d3c9b6f187316d95d429be2ade3c1
32333435313231323334353937323334 874d3c9b6f1873a2d95d7e9be2ffe3c1
32333435313231323334353937323334 2e4d3c9b6f1873ead95daa9be2b9e3c1
32333435313231323334353937323334 fd4d3c9b6f1873b4d95d479be2a6e3c1
32333435313231323334353937323334 e04d3c9b6f1873e7d95d239be26fe3c1
32333435313231323334353937323334 a04d3c9b6f187357d95dd59be2c1e3c1
32333435313231323334353937323334 ff4d3c9b6f187317d95d4a9be2d1e3c1
32333435313231323334353937323334 654d3c9b6f18732ed95dab9be2e5e3c1
32333435313231323334353937323334 6f4d3c9b6f187369d95d159be2e4e3c1
32333435313231323334353937323334 544d3c9b6f187347d95da79be203e3c1
32333435313231323334353937323334 164d3c9b6f187363d95d3b9be2f3e3c1
32333435313231323334353937323334 dc4d3c9b6f187358d95d1b9be2e8e3c1
32333435313231323334353937323334 cf4d3c9b6f187392d95d039be260e3c1
32333435313231323334353937323334 cd4d3c9b6f1873c8d95dc59be24ae3c1
32333435313231323334353937323334 8e4d3c9b6f187310d95d2c9be285e3c1
32333435313231323334353937323334 f84d3c9b6f187346d95dde9be296e3c1
32333435313231323334353937323334 fe4d3c9b6f1873a6d95d899be248e3c1
32333435313231323334353937323334 5f4d3c9b6f18732cd95df79be2bae3c1
32333435313231323334353937323334 434d3c9b6f187313d95d3c9be281e3c1
32333435313231323334353937323334 6d4d3c9b6f18738bd95de99be20ce3c1
32333435313231323334353937323334 924d3c9b6f18733dd95ddd9be216e3c1
32333435313231323334353937323334 944d3c9b6f1873ced95d199be219e3c1
32333435313231323334353937323334 ea4d3c9b6f18732bd95dca9be233e3c1
32333435313231323334353937323334 ad4d3c9b6f18738ed95dff9be28ce3c1
32333435313231323334353937323334 024d3c9b6f18735dd95d0a9be21be3c1
32333435313231323334353937323334 dd4d3c9b6f18733bd95dc49be2d9e3c1
32333435313231323334353937323334 e84d3c9b6f18735cd95d799be23de3c1
32333435313231323334353937323334 904d3c9b6f1873c3d95d269be2a5e3c1