32333435313231323334353937323334 bc4d3c9b6f187378d95d179be257e3c1
32333435313231323334353937323334 bc4d7c9b6fd27378095d179be257e328
32333435313231323334353937323334 bc4d9e9b6f6e73783c5d179be257e3b5
32333435313231323334353937323334 bc4d4b9b6f227378825d179be257e382
32333435313231323334353937323334 bc4d479b6f6b7378ea5d179be257e375
32333435313231323334353937323334 bc4d159b6f627378e25d179be257e32d
32333435313231323334353937323334 bc4d5e9b6f197378a95d179be257e309
32333435313231323334353937323334 bc4df69b6f477378b75d179be257e38d
32333435313231323334353937323334 bc4d319b6f757378395d179be257e36f
32333435313231323334353937323334 bc4d449b6f0873789f5d179be257e313
32333435313231323334353937323334 bc4d809b6f257378225d179be257e378
32333435313231323334353937323334 bc4d629b6fe37378b15d179be257e3b6
32333435313231323334353937323334 bc4dcb9b6f0473782a5d179be257e3c2
32333435313231323334353937323334 bc4d459b6fe77378895d179be257e38e
32333435313231323334353937323334 bc4d309b6ff07378ba5d179be257e32e
32333435313231323334353937323334 bc4d8a9b6fba7378925d179be257e33b
32333435313231323334353937323334 bc4da79b6f9b7378725d179be257e3a2
32333435313231323334353937323334 bc4d1f9b6f2173780e5d179be257e3bf
32333435313231323334353937323334 bc4d6e9b6fc67378ef5d179be257e379
32333435313231323334353937323334 bc4d0e9b6f397378035d179be257e35b
32333435313231323334353937323334 bc4dee9b6f937378205d179be257e393
32333435313231323334353937323334 bc4d1e9b6fe273785e5d179be257e390
32333435313231323334353937323334 bc4d5b9b6fbe73780b5d179be257e31e
32333435313231323334353937323334 bc4dec9b6ffc7378735d179be257e360
32333435313231323334353937323334 bc4d489b6fd37378ca5d179be257e350
32333435313231323334353937323334 bc4d5a9b6f307378195d179be257e356
32333435313231323334353937323334 bc4d779b6fdd7378555d179be257e333
32333435313231323334353937323334 bc4ddb9b6ffa73788e5d179be257e363
32333435313231323334353937323334 bc4d819b6f3f73780f5d179be257e3ab
32333435313231323334353937323334 bc4dd59b6f3e73781f5d179be257e3b4
32333435313231323334353937323334 bc4d759b6f4f7378855d179be257e3b2
32333435313231323334353937323334 bc4d349b6f8c7378f15d179be257e323
32333435313231323334353937323334 bc4d979b6f5f7378f25d179be257e3c6
32333435313231323334353937323334 bc4d599b6f9e7378d55d179be257e3a7
32333435313231323334353937323334 bc4daa9b6f367378685d179be257e35d
32333435313231323334353937323334 bc4d999b6f707378f65d179be257e3fb
32333435313231323334353937323334 bc4daf9b6f947378a85d179be257e3bc
32333435313231323334353937323334 bc4d669b6fdf7378975d179be257e327
32333435313231323334353937323334 bc4d469b6f037378765d179be257e3a5
32333435313231323334353937323334 bc4d909b6f487378005d179be257e36b
32333435313231323334353937323334 bc4da89b6f997378545d179be257e33f
32333435313231323334353937323334 bc4db19b6f7d7378c55d179be257e3b3
32333435313231323334353937323334 bc4da29b6fb973789d5d179be257e34d
32333435313231323334353937323334 bc4def9b6f687378985d179be257e3ea
32333435313231323334353937323334 bc4d889b6f0b7378d65d179be257e383
32333435313231323334353937323334 bc4dc09b6f9073786a5d179be257e3bb
32333435313231323334353937323334 bc4dc19b6fa07378c25d179be257e3a6
32333435313231323334353937323334 bc4d549b6f7e7378305d179be257e3ca
32333435313231323334353937323334 bc4d569b6fc47378fb5d179be257e384
32333435313231323334353937323334 bc4d6f9b6f767378c65d179be257e3c3
32333435313231323334353937323334 bc4da19b6fbf7378585d179be257e337
32333435313231323334353937323334 bc4d9a9b6feb7378845d179be257e355
32333435313231323334353937323334 bc4d1d9b6f677378ee5d179be257e305
32333435313231323334353937323334 bc4d839b6f6a7378cd5d179be257e30c
32333435313231323334353937323334 bc4d2d9b6ff17378315d179be257e3a1
32333435313231323334353937323334 bc4dce9b6f2473781b5d179be257e3c5
32333435313231323334353937323334 bc4d3f9b6f507378645d179be257e33c
32333435313231323334353937323334 bc4d189b6f6973784e5d179be257e3d7
32333435313231323334353937323334 bc4d789b6fce7378ae5d179be257e365
32333435313231323334353937323334 bc4d859b6f9c73788d5d179be257e3ba
32333435313231323334353937323334 bc4d229b6fd97378c15d179be257e37c
32333435313231323334353937323334 bc4d6d9b6faa7378515d179be257e3b8
32333435313231323334353937323334 bc4d4c9b6f527378435d179be257e3fe
32333435313231323334353937323334 bc4da59b6fdc7378e65d179be257e366